<?xml version='1.0'?>
<ns2:test-suite xmlns:ns2='urn:model.allure.qatools.yandex.ru' start='1721296235863' stop='1721296247708'>
    <name>Suite1 - Validation of Landing Page Features and Content (English)</name>
    <title>Suite1 - Validation of Landing Page Features and Content (English)</title>
    <test-cases>
        <test-case start='1721296235995' status='broken' stop='1721296238033'>
            <name>ENG_LAND_TC_1 Validate that the landing page appears on launching the URL - (P1)</name>
            <title>ENG_LAND_TC_1 Validate that the landing page appears on launching the URL - (P1)</title>
            <labels>
                <label name='language' value='javascript'/>
                <label name='framework' value='wdio'/>
                <label name='thread' value='0-0'/>
            </labels>
            <parameters>
                <parameter kind='argument' name='browser' value='chrome-126.0.6478.182'/>
            </parameters>
            <steps>
                <step start='1721296235996' status='passed' stop='1721296237845'>
                    <name>"before each" hook for Suite1 - Validation of Landing Page Features and Content (English)</name>
                    <title>"before each" hook for Suite1 - Validation of Landing Page Features and Content (English)</title>
                    <attachments/>
                    <steps/>
                </step>
                <step start='1721296238034' status='passed' stop='1721296238034'>
                    <name>"after each" hook for Suite1 - Validation of Landing Page Features and Content (English)</name>
                    <title>"after each" hook for Suite1 - Validation of Landing Page Features and Content (English)</title>
                    <attachments/>
                    <steps/>
                </step>
            </steps>
            <attachments/>
            <failure>
                <message>javascript error: Cannot read properties of null (reading 'setAttribute')
                  (Session info: chrome=126.0.6478.182)</message>
                <stack-trace>javascript error: javascript error: Cannot read properties of null (reading 'setAttribute')
                  (Session info: chrome=126.0.6478.182)
                    at getErrorFromResponseBody (D:\EngageRelease\qa-dls-engage-v2-release\engageAutomation\node_modules\webdriverio\node_modules\webdriver\build\utils.js:198:12)
                    at NodeJSRequest._request (D:\EngageRelease\qa-dls-engage-v2-release\engageAutomation\node_modules\webdriverio\node_modules\webdriver\build\request\index.js:166:60)
                    at Browser.wrapCommandFn (D:\EngageRelease\qa-dls-engage-v2-release\engageAutomation\node_modules\webdriverio\node_modules\@wdio\utils\build\shim.js:136:29)
                    at Browser.wrapCommandFn (D:\EngageRelease\qa-dls-engage-v2-release\engageAutomation\node_modules\webdriverio\node_modules\@wdio\utils\build\shim.js:136:29)
                    at Object.enableFullPageScrolling (D:\EngageRelease\qa-dls-engage-v2-release\engageAutomation\core\runner\/visualTest.js:186:9)
                    at Object.generateScreenshotsAndLogs (D:\EngageRelease\qa-dls-engage-v2-release\engageAutomation\core\runner\/visualTest.js:69:9)
                    at Context.&lt;anonymous> (D:\EngageRelease\qa-dls-engage-v2-release\engageAutomation\test\tempRunner\/landingTest.js:146:50)</stack-trace>
            </failure>
        </test-case>
        <test-case start='1721296238034' status='broken' stop='1721296239796'>
            <name>ENG_LAND_TC_5 Validate the content of the landing page (in English) - (P2)</name>
            <title>ENG_LAND_TC_5 Validate the content of the landing page (in English) - (P2)</title>
            <labels>
                <label name='language' value='javascript'/>
                <label name='framework' value='wdio'/>
                <label name='thread' value='0-0'/>
            </labels>
            <parameters>
                <parameter kind='argument' name='browser' value='chrome-126.0.6478.182'/>
            </parameters>
            <steps>
                <step start='1721296238034' status='passed' stop='1721296238583'>
                    <name>"before each" hook for Suite1 - Validation of Landing Page Features and Content (English)</name>
                    <title>"before each" hook for Suite1 - Validation of Landing Page Features and Content (English)</title>
                    <attachments>
                        <attachment title='Screenshot' source='a6e0aaf4-6c3e-4566-8ff5-0b024551c6a0-attachment.png' type='image/png' size='523041'/>
                    </attachments>
                    <steps/>
                </step>
                <step start='1721296239796' status='passed' stop='1721296239797'>
                    <name>"after each" hook for Suite1 - Validation of Landing Page Features and Content (English)</name>
                    <title>"after each" hook for Suite1 - Validation of Landing Page Features and Content (English)</title>
                    <attachments/>
                    <steps/>
                </step>
            </steps>
            <attachments/>
            <failure>
                <message>javascript error: Cannot read properties of null (reading 'setAttribute')
                  (Session info: chrome=126.0.6478.182)</message>
                <stack-trace>javascript error: javascript error: Cannot read properties of null (reading 'setAttribute')
                  (Session info: chrome=126.0.6478.182)
                    at getErrorFromResponseBody (D:\EngageRelease\qa-dls-engage-v2-release\engageAutomation\node_modules\webdriverio\node_modules\webdriver\build\utils.js:198:12)
                    at NodeJSRequest._request (D:\EngageRelease\qa-dls-engage-v2-release\engageAutomation\node_modules\webdriverio\node_modules\webdriver\build\request\index.js:166:60)
                    at Browser.wrapCommandFn (D:\EngageRelease\qa-dls-engage-v2-release\engageAutomation\node_modules\webdriverio\node_modules\@wdio\utils\build\shim.js:136:29)
                    at Browser.wrapCommandFn (D:\EngageRelease\qa-dls-engage-v2-release\engageAutomation\node_modules\webdriverio\node_modules\@wdio\utils\build\shim.js:136:29)
                    at Object.enableFullPageScrolling (D:\EngageRelease\qa-dls-engage-v2-release\engageAutomation\core\runner\/visualTest.js:186:9)
                    at Object.generateScreenshotsAndLogs (D:\EngageRelease\qa-dls-engage-v2-release\engageAutomation\core\runner\/visualTest.js:69:9)
                    at Context.&lt;anonymous> (D:\EngageRelease\qa-dls-engage-v2-release\engageAutomation\test\tempRunner\/landingTest.js:146:50)</stack-trace>
            </failure>
        </test-case>
        <test-case start='1721296239797' status='broken' stop='1721296243452'>
            <name>ENG_LAND_TC_2 Validate that the sign up page is launched on clicking the 'Sign Up &amp; Start Learning Today' button - (P1)</name>
            <title>ENG_LAND_TC_2 Validate that the sign up page is launched on clicking the 'Sign Up &amp; Start Learning Today' button - (P1)</title>
            <labels>
                <label name='language' value='javascript'/>
                <label name='framework' value='wdio'/>
                <label name='thread' value='0-0'/>
            </labels>
            <parameters>
                <parameter kind='argument' name='browser' value='chrome-126.0.6478.182'/>
            </parameters>
            <steps>
                <step start='1721296239797' status='passed' stop='1721296240631'>
                    <name>"before each" hook for Suite1 - Validation of Landing Page Features and Content (English)</name>
                    <title>"before each" hook for Suite1 - Validation of Landing Page Features and Content (English)</title>
                    <attachments>
                        <attachment title='Screenshot' source='bd033595-210c-4732-b685-2e388889953f-attachment.png' type='image/png' size='516629'/>
                    </attachments>
                    <steps/>
                </step>
                <step start='1721296243453' status='passed' stop='1721296243453'>
                    <name>"after each" hook for Suite1 - Validation of Landing Page Features and Content (English)</name>
                    <title>"after each" hook for Suite1 - Validation of Landing Page Features and Content (English)</title>
                    <attachments/>
                    <steps/>
                </step>
            </steps>
            <attachments>
                <attachment title='Screenshot' source='c0f8a6f0-d496-4358-894f-f8e9e2da3f10-attachment.png' type='image/png' size='642005'/>
                <attachment title='Screenshot' source='9ac3f8c5-7d3f-4ed3-aee6-315332d99f80-attachment.png' type='image/png' size='642005'/>
            </attachments>
            <failure>
                <message>javascript error: Cannot read properties of null (reading 'setAttribute')
                  (Session info: chrome=126.0.6478.182)</message>
                <stack-trace>javascript error: javascript error: Cannot read properties of null (reading 'setAttribute')
                  (Session info: chrome=126.0.6478.182)
                    at getErrorFromResponseBody (D:\EngageRelease\qa-dls-engage-v2-release\engageAutomation\node_modules\webdriverio\node_modules\webdriver\build\utils.js:198:12)
                    at NodeJSRequest._request (D:\EngageRelease\qa-dls-engage-v2-release\engageAutomation\node_modules\webdriverio\node_modules\webdriver\build\request\index.js:166:60)
                    at Browser.wrapCommandFn (D:\EngageRelease\qa-dls-engage-v2-release\engageAutomation\node_modules\webdriverio\node_modules\@wdio\utils\build\shim.js:136:29)
                    at Browser.wrapCommandFn (D:\EngageRelease\qa-dls-engage-v2-release\engageAutomation\node_modules\webdriverio\node_modules\@wdio\utils\build\shim.js:136:29)
                    at Object.enableFullPageScrolling (D:\EngageRelease\qa-dls-engage-v2-release\engageAutomation\core\runner\/visualTest.js:186:9)
                    at Object.generateScreenshotsAndLogs (D:\EngageRelease\qa-dls-engage-v2-release\engageAutomation\core\runner\/visualTest.js:69:9)
                    at Context.&lt;anonymous> (D:\EngageRelease\qa-dls-engage-v2-release\engageAutomation\test\tempRunner\/landingTest.js:146:50)</stack-trace>
            </failure>
        </test-case>
        <test-case start='1721296243453' status='broken' stop='1721296245436'>
            <name>ENG_LAND_TC_3 Validate that the sign in page is launched on clicking the 'Log in' button - (P1)</name>
            <title>ENG_LAND_TC_3 Validate that the sign in page is launched on clicking the 'Log in' button - (P1)</title>
            <labels>
                <label name='language' value='javascript'/>
                <label name='framework' value='wdio'/>
                <label name='thread' value='0-0'/>
            </labels>
            <parameters>
                <parameter kind='argument' name='browser' value='chrome-126.0.6478.182'/>
            </parameters>
            <steps>
                <step start='1721296243453' status='passed' stop='1721296243968'>
                    <name>"before each" hook for Suite1 - Validation of Landing Page Features and Content (English)</name>
                    <title>"before each" hook for Suite1 - Validation of Landing Page Features and Content (English)</title>
                    <attachments>
                        <attachment title='Screenshot' source='98fb5185-1368-48f3-9ec4-a7990630fc98-attachment.png' type='image/png' size='65005'/>
                    </attachments>
                    <steps/>
                </step>
                <step start='1721296245437' status='passed' stop='1721296245437'>
                    <name>"after each" hook for Suite1 - Validation of Landing Page Features and Content (English)</name>
                    <title>"after each" hook for Suite1 - Validation of Landing Page Features and Content (English)</title>
                    <attachments/>
                    <steps/>
                </step>
            </steps>
            <attachments>
                <attachment title='Screenshot' source='7cb23a85-b50a-4db7-b16c-6b94ad76a54e-attachment.png' type='image/png' size='642005'/>
                <attachment title='Screenshot' source='62e19fb2-d373-46d4-8517-29bb46816701-attachment.png' type='image/png' size='642005'/>
            </attachments>
            <failure>
                <message>javascript error: Cannot read properties of null (reading 'setAttribute')
                  (Session info: chrome=126.0.6478.182)</message>
                <stack-trace>javascript error: javascript error: Cannot read properties of null (reading 'setAttribute')
                  (Session info: chrome=126.0.6478.182)
                    at getErrorFromResponseBody (D:\EngageRelease\qa-dls-engage-v2-release\engageAutomation\node_modules\webdriverio\node_modules\webdriver\build\utils.js:198:12)
                    at NodeJSRequest._request (D:\EngageRelease\qa-dls-engage-v2-release\engageAutomation\node_modules\webdriverio\node_modules\webdriver\build\request\index.js:166:60)
                    at runMicrotasks (&lt;anonymous>)
                    at Browser.wrapCommandFn (D:\EngageRelease\qa-dls-engage-v2-release\engageAutomation\node_modules\webdriverio\node_modules\@wdio\utils\build\shim.js:136:29)
                    at Browser.wrapCommandFn (D:\EngageRelease\qa-dls-engage-v2-release\engageAutomation\node_modules\webdriverio\node_modules\@wdio\utils\build\shim.js:136:29)
                    at Object.enableFullPageScrolling (D:\EngageRelease\qa-dls-engage-v2-release\engageAutomation\core\runner\/visualTest.js:186:9)
                    at Object.generateScreenshotsAndLogs (D:\EngageRelease\qa-dls-engage-v2-release\engageAutomation\core\runner\/visualTest.js:69:9)
                    at Context.&lt;anonymous> (D:\EngageRelease\qa-dls-engage-v2-release\engageAutomation\test\tempRunner\/landingTest.js:146:50)</stack-trace>
            </failure>
        </test-case>
        <test-case start='1721296245437' status='broken' stop='1721296247699'>
            <name>ENG_LAND_TC_4 Validate that user is able to change the language of the page from the language drop down - (P1)</name>
            <title>ENG_LAND_TC_4 Validate that user is able to change the language of the page from the language drop down - (P1)</title>
            <labels>
                <label name='language' value='javascript'/>
                <label name='framework' value='wdio'/>
                <label name='thread' value='0-0'/>
            </labels>
            <parameters>
                <parameter kind='argument' name='browser' value='chrome-126.0.6478.182'/>
            </parameters>
            <steps>
                <step start='1721296245437' status='passed' stop='1721296245958'>
                    <name>"before each" hook for Suite1 - Validation of Landing Page Features and Content (English)</name>
                    <title>"before each" hook for Suite1 - Validation of Landing Page Features and Content (English)</title>
                    <attachments>
                        <attachment title='Screenshot' source='e148b39f-4e05-4e8d-8a40-34c9bc737fe9-attachment.png' type='image/png' size='49953'/>
                    </attachments>
                    <steps/>
                </step>
                <step start='1721296247707' status='passed' stop='1721296247707'>
                    <name>"after each" hook for Suite1 - Validation of Landing Page Features and Content (English)</name>
                    <title>"after each" hook for Suite1 - Validation of Landing Page Features and Content (English)</title>
                    <attachments/>
                    <steps/>
                </step>
            </steps>
            <attachments>
                <attachment title='Screenshot' source='0bdf85bb-18b2-414b-a076-c8d5a8e60656-attachment.png' type='image/png' size='638706'/>
                <attachment title='Screenshot' source='9a01113e-9430-429e-b1d2-04f068a26a49-attachment.png' type='image/png' size='638706'/>
                <attachment title='Screenshot' source='c305e004-b151-4204-9fbd-d1b5c79630f5-attachment.png' type='image/png' size='640077'/>
                <attachment title='Screenshot' source='33f9e959-0b81-4e16-91f8-d9870b1ee0ce-attachment.png' type='image/png' size='640077'/>
            </attachments>
            <failure>
                <message>javascript error: Cannot read properties of null (reading 'setAttribute')
                  (Session info: chrome=126.0.6478.182)</message>
                <stack-trace>javascript error: javascript error: Cannot read properties of null (reading 'setAttribute')
                  (Session info: chrome=126.0.6478.182)
                    at getErrorFromResponseBody (D:\EngageRelease\qa-dls-engage-v2-release\engageAutomation\node_modules\webdriverio\node_modules\webdriver\build\utils.js:198:12)
                    at NodeJSRequest._request (D:\EngageRelease\qa-dls-engage-v2-release\engageAutomation\node_modules\webdriverio\node_modules\webdriver\build\request\index.js:166:60)
                    at runMicrotasks (&lt;anonymous>)
                    at Browser.wrapCommandFn (D:\EngageRelease\qa-dls-engage-v2-release\engageAutomation\node_modules\webdriverio\node_modules\@wdio\utils\build\shim.js:136:29)
                    at Browser.wrapCommandFn (D:\EngageRelease\qa-dls-engage-v2-release\engageAutomation\node_modules\webdriverio\node_modules\@wdio\utils\build\shim.js:136:29)
                    at Object.enableFullPageScrolling (D:\EngageRelease\qa-dls-engage-v2-release\engageAutomation\core\runner\/visualTest.js:186:9)
                    at Object.generateScreenshotsAndLogs (D:\EngageRelease\qa-dls-engage-v2-release\engageAutomation\core\runner\/visualTest.js:69:9)
                    at Context.&lt;anonymous> (D:\EngageRelease\qa-dls-engage-v2-release\engageAutomation\test\tempRunner\/landingTest.js:146:50)</stack-trace>
            </failure>
        </test-case>
    </test-cases>
</ns2:test-suite>