<?xml version='1.0'?>
<ns2:test-suite xmlns:ns2='urn:model.allure.qatools.yandex.ru' start='1721626301902' stop='1721626315887'>
    <name>Suite1 - Validation of Landing Page Features and Content (English)</name>
    <title>Suite1 - Validation of Landing Page Features and Content (English)</title>
    <test-cases>
        <test-case start='1721626302041' status='broken' stop='1721626303136'>
            <name>ENG_LAND_TC_1 Validate that the landing page appears on launching the URL - (P1)</name>
            <title>ENG_LAND_TC_1 Validate that the landing page appears on launching the URL - (P1)</title>
            <labels>
                <label name='language' value='javascript'/>
                <label name='framework' value='wdio'/>
                <label name='thread' value='0-0'/>
            </labels>
            <parameters>
                <parameter kind='argument' name='browser' value='chrome-126.0.6478.182'/>
            </parameters>
            <steps>
                <step start='1721626302044' status='passed' stop='1721626302959'>
                    <name>"before each" hook for Suite1 - Validation of Landing Page Features and Content (English)</name>
                    <title>"before each" hook for Suite1 - Validation of Landing Page Features and Content (English)</title>
                    <attachments/>
                    <steps/>
                </step>
                <step start='1721626303137' status='passed' stop='1721626303137'>
                    <name>"after each" hook for Suite1 - Validation of Landing Page Features and Content (English)</name>
                    <title>"after each" hook for Suite1 - Validation of Landing Page Features and Content (English)</title>
                    <attachments/>
                    <steps/>
                </step>
            </steps>
            <attachments/>
            <failure>
                <message>javascript error: Cannot read properties of null (reading 'setAttribute')
                  (Session info: chrome=126.0.6478.182)</message>
                <stack-trace>javascript error: javascript error: Cannot read properties of null (reading 'setAttribute')
                  (Session info: chrome=126.0.6478.182)
                    at getErrorFromResponseBody (D:\EngageRelease\qa-dls-engage-v2-release\engageAutomation\node_modules\webdriverio\node_modules\webdriver\build\utils.js:198:12)
                    at NodeJSRequest._request (D:\EngageRelease\qa-dls-engage-v2-release\engageAutomation\node_modules\webdriverio\node_modules\webdriver\build\request\index.js:166:60)
                    at Browser.wrapCommandFn (D:\EngageRelease\qa-dls-engage-v2-release\engageAutomation\node_modules\webdriverio\node_modules\@wdio\utils\build\shim.js:136:29)
                    at Browser.wrapCommandFn (D:\EngageRelease\qa-dls-engage-v2-release\engageAutomation\node_modules\webdriverio\node_modules\@wdio\utils\build\shim.js:136:29)
                    at Object.enableFullPageScrolling (D:\EngageRelease\qa-dls-engage-v2-release\engageAutomation\core\runner\/visualTest.js:191:9)
                    at Object.generateScreenshotsAndLogs (D:\EngageRelease\qa-dls-engage-v2-release\engageAutomation\core\runner\/visualTest.js:69:9)
                    at Context.&lt;anonymous> (D:\EngageRelease\qa-dls-engage-v2-release\engageAutomation\test\tempRunner\/landingTest.js:146:50)</stack-trace>
            </failure>
        </test-case>
        <test-case start='1721626303137' status='broken' stop='1721626304906'>
            <name>ENG_LAND_TC_5 Validate the content of the landing page (in English) - (P2)</name>
            <title>ENG_LAND_TC_5 Validate the content of the landing page (in English) - (P2)</title>
            <labels>
                <label name='language' value='javascript'/>
                <label name='framework' value='wdio'/>
                <label name='thread' value='0-0'/>
            </labels>
            <parameters>
                <parameter kind='argument' name='browser' value='chrome-126.0.6478.182'/>
            </parameters>
            <steps>
                <step start='1721626303137' status='passed' stop='1721626303697'>
                    <name>"before each" hook for Suite1 - Validation of Landing Page Features and Content (English)</name>
                    <title>"before each" hook for Suite1 - Validation of Landing Page Features and Content (English)</title>
                    <attachments>
                        <attachment title='Screenshot' source='cd2c4e89-e041-4422-b71f-842c9ec4b209-attachment.png' type='image/png' size='478329'/>
                    </attachments>
                    <steps/>
                </step>
                <step start='1721626304906' status='passed' stop='1721626304906'>
                    <name>"after each" hook for Suite1 - Validation of Landing Page Features and Content (English)</name>
                    <title>"after each" hook for Suite1 - Validation of Landing Page Features and Content (English)</title>
                    <attachments/>
                    <steps/>
                </step>
            </steps>
            <attachments/>
            <failure>
                <message>javascript error: Cannot read properties of null (reading 'setAttribute')
                  (Session info: chrome=126.0.6478.182)</message>
                <stack-trace>javascript error: javascript error: Cannot read properties of null (reading 'setAttribute')
                  (Session info: chrome=126.0.6478.182)
                    at getErrorFromResponseBody (D:\EngageRelease\qa-dls-engage-v2-release\engageAutomation\node_modules\webdriverio\node_modules\webdriver\build\utils.js:198:12)
                    at NodeJSRequest._request (D:\EngageRelease\qa-dls-engage-v2-release\engageAutomation\node_modules\webdriverio\node_modules\webdriver\build\request\index.js:166:60)
                    at Browser.wrapCommandFn (D:\EngageRelease\qa-dls-engage-v2-release\engageAutomation\node_modules\webdriverio\node_modules\@wdio\utils\build\shim.js:136:29)
                    at Browser.wrapCommandFn (D:\EngageRelease\qa-dls-engage-v2-release\engageAutomation\node_modules\webdriverio\node_modules\@wdio\utils\build\shim.js:136:29)
                    at Object.enableFullPageScrolling (D:\EngageRelease\qa-dls-engage-v2-release\engageAutomation\core\runner\/visualTest.js:191:9)
                    at Object.generateScreenshotsAndLogs (D:\EngageRelease\qa-dls-engage-v2-release\engageAutomation\core\runner\/visualTest.js:69:9)
                    at Context.&lt;anonymous> (D:\EngageRelease\qa-dls-engage-v2-release\engageAutomation\test\tempRunner\/landingTest.js:146:50)</stack-trace>
            </failure>
        </test-case>
        <test-case start='1721626304906' status='broken' stop='1721626311474'>
            <name>ENG_LAND_TC_2 Validate that the sign up page is launched on clicking the 'Sign Up &amp; Start Learning Today' button - (P1)</name>
            <title>ENG_LAND_TC_2 Validate that the sign up page is launched on clicking the 'Sign Up &amp; Start Learning Today' button - (P1)</title>
            <labels>
                <label name='language' value='javascript'/>
                <label name='framework' value='wdio'/>
                <label name='thread' value='0-0'/>
            </labels>
            <parameters>
                <parameter kind='argument' name='browser' value='chrome-126.0.6478.182'/>
            </parameters>
            <steps>
                <step start='1721626304906' status='passed' stop='1721626305731'>
                    <name>"before each" hook for Suite1 - Validation of Landing Page Features and Content (English)</name>
                    <title>"before each" hook for Suite1 - Validation of Landing Page Features and Content (English)</title>
                    <attachments>
                        <attachment title='Screenshot' source='f5a293a1-844e-4fe8-8ccb-fc65d5dc2916-attachment.png' type='image/png' size='478869'/>
                    </attachments>
                    <steps/>
                </step>
                <step start='1721626311474' status='passed' stop='1721626311475'>
                    <name>"after each" hook for Suite1 - Validation of Landing Page Features and Content (English)</name>
                    <title>"after each" hook for Suite1 - Validation of Landing Page Features and Content (English)</title>
                    <attachments/>
                    <steps/>
                </step>
            </steps>
            <attachments>
                <attachment title='Screenshot' source='7672db18-7945-468a-b05e-88ba61e26831-attachment.png' type='image/png' size='479590'/>
                <attachment title='Screenshot' source='620f4fec-11a9-4a09-8430-e461049563ed-attachment.png' type='image/png' size='479590'/>
            </attachments>
            <failure>
                <message>javascript error: Cannot read properties of null (reading 'setAttribute')
                  (Session info: chrome=126.0.6478.182)</message>
                <stack-trace>javascript error: javascript error: Cannot read properties of null (reading 'setAttribute')
                  (Session info: chrome=126.0.6478.182)
                    at getErrorFromResponseBody (D:\EngageRelease\qa-dls-engage-v2-release\engageAutomation\node_modules\webdriverio\node_modules\webdriver\build\utils.js:198:12)
                    at NodeJSRequest._request (D:\EngageRelease\qa-dls-engage-v2-release\engageAutomation\node_modules\webdriverio\node_modules\webdriver\build\request\index.js:166:60)
                    at Browser.wrapCommandFn (D:\EngageRelease\qa-dls-engage-v2-release\engageAutomation\node_modules\webdriverio\node_modules\@wdio\utils\build\shim.js:136:29)
                    at Browser.wrapCommandFn (D:\EngageRelease\qa-dls-engage-v2-release\engageAutomation\node_modules\webdriverio\node_modules\@wdio\utils\build\shim.js:136:29)
                    at Object.enableFullPageScrolling (D:\EngageRelease\qa-dls-engage-v2-release\engageAutomation\core\runner\/visualTest.js:191:9)
                    at Object.generateScreenshotsAndLogs (D:\EngageRelease\qa-dls-engage-v2-release\engageAutomation\core\runner\/visualTest.js:69:9)
                    at Context.&lt;anonymous> (D:\EngageRelease\qa-dls-engage-v2-release\engageAutomation\test\tempRunner\/landingTest.js:146:50)</stack-trace>
            </failure>
        </test-case>
        <test-case start='1721626311475' status='broken' stop='1721626314314'>
            <name>ENG_LAND_TC_3 Validate that the sign in page is launched on clicking the 'Log in' button - (P1)</name>
            <title>ENG_LAND_TC_3 Validate that the sign in page is launched on clicking the 'Log in' button - (P1)</title>
            <labels>
                <label name='language' value='javascript'/>
                <label name='framework' value='wdio'/>
                <label name='thread' value='0-0'/>
            </labels>
            <parameters>
                <parameter kind='argument' name='browser' value='chrome-126.0.6478.182'/>
            </parameters>
            <steps>
                <step start='1721626311475' status='passed' stop='1721626311959'>
                    <name>"before each" hook for Suite1 - Validation of Landing Page Features and Content (English)</name>
                    <title>"before each" hook for Suite1 - Validation of Landing Page Features and Content (English)</title>
                    <attachments>
                        <attachment title='Screenshot' source='f81e7dda-d287-4063-aa96-cfd1475e592a-attachment.png' type='image/png' size='65005'/>
                    </attachments>
                    <steps/>
                </step>
                <step start='1721626314314' status='passed' stop='1721626314314'>
                    <name>"after each" hook for Suite1 - Validation of Landing Page Features and Content (English)</name>
                    <title>"after each" hook for Suite1 - Validation of Landing Page Features and Content (English)</title>
                    <attachments/>
                    <steps/>
                </step>
            </steps>
            <attachments>
                <attachment title='Screenshot' source='46a38884-b1fc-45bb-a69f-ccad78f46575-attachment.png' type='image/png' size='642005'/>
                <attachment title='Screenshot' source='6585492d-4ada-4b34-94a7-6b0a187d33dc-attachment.png' type='image/png' size='23086'/>
            </attachments>
            <failure>
                <message>javascript error: Cannot read properties of null (reading 'setAttribute')
                  (Session info: chrome=126.0.6478.182)</message>
                <stack-trace>javascript error: javascript error: Cannot read properties of null (reading 'setAttribute')
                  (Session info: chrome=126.0.6478.182)
                    at getErrorFromResponseBody (D:\EngageRelease\qa-dls-engage-v2-release\engageAutomation\node_modules\webdriverio\node_modules\webdriver\build\utils.js:198:12)
                    at NodeJSRequest._request (D:\EngageRelease\qa-dls-engage-v2-release\engageAutomation\node_modules\webdriverio\node_modules\webdriver\build\request\index.js:166:60)
                    at runMicrotasks (&lt;anonymous>)
                    at Browser.wrapCommandFn (D:\EngageRelease\qa-dls-engage-v2-release\engageAutomation\node_modules\webdriverio\node_modules\@wdio\utils\build\shim.js:136:29)
                    at Browser.wrapCommandFn (D:\EngageRelease\qa-dls-engage-v2-release\engageAutomation\node_modules\webdriverio\node_modules\@wdio\utils\build\shim.js:136:29)
                    at Object.enableFullPageScrolling (D:\EngageRelease\qa-dls-engage-v2-release\engageAutomation\core\runner\/visualTest.js:191:9)
                    at Object.generateScreenshotsAndLogs (D:\EngageRelease\qa-dls-engage-v2-release\engageAutomation\core\runner\/visualTest.js:69:9)
                    at Context.&lt;anonymous> (D:\EngageRelease\qa-dls-engage-v2-release\engageAutomation\test\tempRunner\/landingTest.js:146:50)</stack-trace>
            </failure>
        </test-case>
        <test-case start='1721626314314' status='failed' stop='1721626315886'>
            <name>ENG_LAND_TC_4 Validate that user is able to change the language of the page from the language drop down - (P1)</name>
            <title>ENG_LAND_TC_4 Validate that user is able to change the language of the page from the language drop down - (P1)</title>
            <labels>
                <label name='language' value='javascript'/>
                <label name='framework' value='wdio'/>
                <label name='thread' value='0-0'/>
            </labels>
            <parameters>
                <parameter kind='argument' name='browser' value='chrome-126.0.6478.182'/>
            </parameters>
            <steps>
                <step start='1721626314314' status='passed' stop='1721626314820'>
                    <name>"before each" hook for Suite1 - Validation of Landing Page Features and Content (English)</name>
                    <title>"before each" hook for Suite1 - Validation of Landing Page Features and Content (English)</title>
                    <attachments>
                        <attachment title='Screenshot' source='d0001313-44c6-4603-865d-444123b7308d-attachment.png' type='image/png' size='49953'/>
                    </attachments>
                    <steps/>
                </step>
                <step start='1721626315886' status='passed' stop='1721626315886'>
                    <name>"after each" hook for Suite1 - Validation of Landing Page Features and Content (English)</name>
                    <title>"after each" hook for Suite1 - Validation of Landing Page Features and Content (English)</title>
                    <attachments/>
                    <steps/>
                </step>
            </steps>
            <attachments>
                <attachment title='Screenshot' source='caeff869-967e-4cbd-81a5-6e483551cd7b-attachment.png' type='image/png' size='638706'/>
                <attachment title='Screenshot' source='8a38cf67-1f1d-4760-829c-97040bcc56c8-attachment.png' type='image/png' size='638706'/>
            </attachments>
            <failure>
                <message>languageSelector_dropdown are not Clicked: expected 'Español -- language not found in the …' to equal true      
                      actual expected
                      
                      'Español -- language not found in the dropdown'true
                      </message>
                <stack-trace>AssertionError: languageSelector_dropdown are not Clicked: expected 'Español -- language not found in the …' to equal true
                    at Object.assertEqual (D:\EngageRelease\qa-dls-engage-v2-release\engageAutomation\core\actionLibrary\/baseAssertionLibrary.js:30:16)
                    at runMicrotasks (&lt;anonymous>)
                    at Object.ENG_LAND_TC_4 (D:\EngageRelease\qa-dls-engage-v2-release\engageAutomation\test\engageExperienceApp\/landing.test.js:29:9)
                    at specRunner.identifyTest (D:\EngageRelease\qa-dls-engage-v2-release\engageAutomation\test\tempRunner\/landingTest.js:222:13)
                    at Context.&lt;anonymous> (D:\EngageRelease\qa-dls-engage-v2-release\engageAutomation\test\tempRunner\/landingTest.js:144:33)</stack-trace>
            </failure>
        </test-case>
    </test-cases>
</ns2:test-suite>